The system is: Linux - 3.9.2-pf - i686
Compiling the C compiler identification source file "CMakeCCompilerId.c" succeeded.
Compiler: /usr/bin/ccache gcc
Build flags: 
Id flags: 

The output was:
0


Compilation of the C compiler identification source "CMakeCCompilerId.c" produced "a.out"

The C compiler identification is GNU, found in "/home/giacomo/sviluppo/LoopCloserRGBD/sure-3d-features/CMakeFiles/CompilerIdC/a.out"

Compiling the CXX compiler identification source file "CMakeCXXCompilerId.cpp" succeeded.
Compiler: /usr/bin/ccache g++
Build flags: 
Id flags: 

The output was:
0


Compilation of the CXX compiler identification source "CMakeCXXCompilerId.cpp" produced "a.out"

The CXX compiler identification is GNU, found in "/home/giacomo/sviluppo/LoopCloserRGBD/sure-3d-features/CMakeFiles/CompilerIdCXX/a.out"

Determining if the C compiler works passed with the following output:
Change Dir: /home/giacomo/sviluppo/LoopCloserRGBD/sure-3d-features/CMakeFiles/CMakeTmp

Run Build Command:/usr/bin/make "cmTryCompileExec3316814738/fast"
/usr/bin/make -f CMakeFiles/cmTryCompileExec3316814738.dir/build.make CMakeFiles/cmTryCompileExec3316814738.dir/build
make[1]: ingresso nella directory "/home/giacomo/sviluppo/LoopCloserRGBD/sure-3d-features/CMakeFiles/CMakeTmp"
/usr/bin/cmake -E cmake_progress_report /home/giacomo/sviluppo/LoopCloserRGBD/sure-3d-features/CMakeFiles/CMakeTmp/CMakeFiles 1
Building C object CMakeFiles/cmTryCompileExec3316814738.dir/testCCompiler.c.o
/usr/bin/ccache  gcc   -o CMakeFiles/cmTryCompileExec3316814738.dir/testCCompiler.c.o   -c /home/giacomo/sviluppo/LoopCloserRGBD/sure-3d-features/CMakeFiles/CMakeTmp/testCCompiler.c
Linking C executable cmTryCompileExec3316814738
/usr/bin/cmake -E cmake_link_script CMakeFiles/cmTryCompileExec3316814738.dir/link.txt --verbose=1
/usr/bin/ccache  gcc        CMakeFiles/cmTryCompileExec3316814738.dir/testCCompiler.c.o  -o cmTryCompileExec3316814738 -rdynamic 
make[1]: uscita dalla directory "/home/giacomo/sviluppo/LoopCloserRGBD/sure-3d-features/CMakeFiles/CMakeTmp"


Detecting C compiler ABI info compiled with the following output:
Change Dir: /home/giacomo/sviluppo/LoopCloserRGBD/sure-3d-features/CMakeFiles/CMakeTmp

Run Build Command:/usr/bin/make "cmTryCompileExec3592441442/fast"
/usr/bin/make -f CMakeFiles/cmTryCompileExec3592441442.dir/build.make CMakeFiles/cmTryCompileExec3592441442.dir/build
make[1]: ingresso nella directory "/home/giacomo/sviluppo/LoopCloserRGBD/sure-3d-features/CMakeFiles/CMakeTmp"
/usr/bin/cmake -E cmake_progress_report /home/giacomo/sviluppo/LoopCloserRGBD/sure-3d-features/CMakeFiles/CMakeTmp/CMakeFiles 1
Building C object CMakeFiles/cmTryCompileExec3592441442.dir/CMakeCCompilerABI.c.o
/usr/bin/ccache  gcc   -o CMakeFiles/cmTryCompileExec3592441442.dir/CMakeCCompilerABI.c.o   -c /usr/share/cmake-2.8/Modules/CMakeCCompilerABI.c
Linking C executable cmTryCompileExec3592441442
/usr/bin/cmake -E cmake_link_script CMakeFiles/cmTryCompileExec3592441442.dir/link.txt --verbose=1
/usr/bin/ccache  gcc      -v CMakeFiles/cmTryCompileExec3592441442.dir/CMakeCCompilerABI.c.o  -o cmTryCompileExec3592441442 -rdynamic  
Using built-in specs.
COLLECT_GCC=/usr/bin/gcc
COLLECT_LTO_WRAPPER=/usr/lib/gcc/i686-linux-gnu/4.6/lto-wrapper
Target: i686-linux-gnu
Configured with: ../src/configure -v --with-pkgversion='Ubuntu/Linaro 4.6.4-1ubuntu1~12.04' --with-bugurl=file:///usr/share/doc/gcc-4.6/README.Bugs --enable-languages=c,c++,fortran,objc,obj-c++ --prefix=/usr --program-suffix=-4.6 --enable-shared --enable-linker-build-id --with-system-zlib --libexecdir=/usr/lib --without-included-gettext --enable-threads=posix --with-gxx-include-dir=/usr/include/c++/4.6 --libdir=/usr/lib --enable-nls --with-sysroot=/ --enable-clocale=gnu --enable-libstdcxx-debug --enable-libstdcxx-time=yes --enable-gnu-unique-object --enable-plugin --enable-objc-gc --enable-targets=all --disable-werror --with-arch-32=i686 --with-tune=generic --enable-checking=release --build=i686-linux-gnu --host=i686-linux-gnu --target=i686-linux-gnu
Thread model: posix
gcc version 4.6.4 (Ubuntu/Linaro 4.6.4-1ubuntu1~12.04) 
COMPILER_PATH=/usr/lib/gcc/i686-linux-gnu/4.6/:/usr/lib/gcc/i686-linux-gnu/4.6/:/usr/lib/gcc/i686-linux-gnu/:/usr/lib/gcc/i686-linux-gnu/4.6/:/usr/lib/gcc/i686-linux-gnu/
LIBRARY_PATH=/usr/lib/gcc/i686-linux-gnu/4.6/:/usr/lib/gcc/i686-linux-gnu/4.6/../../../i386-linux-gnu/:/usr/lib/gcc/i686-linux-gnu/4.6/../../../../lib/:/lib/i386-linux-gnu/:/lib/../lib/:/usr/lib/i386-linux-gnu/:/usr/lib/../lib/:/usr/lib/gcc/i686-linux-gnu/4.6/../../../:/lib/:/usr/lib/
COLLECT_GCC_OPTIONS='-v' '-o' 'cmTryCompileExec3592441442' '-rdynamic' '-mtune=generic' '-march=i686'
 /usr/lib/gcc/i686-linux-gnu/4.6/collect2 --sysroot=/ --build-id --no-add-needed --as-needed --eh-frame-hdr -m elf_i386 --hash-style=gnu -export-dynamic -dynamic-linker /lib/ld-linux.so.2 -z relro -o cmTryCompileExec3592441442 /usr/lib/gcc/i686-linux-gnu/4.6/../../../i386-linux-gnu/crt1.o /usr/lib/gcc/i686-linux-gnu/4.6/../../../i386-linux-gnu/crti.o /usr/lib/gcc/i686-linux-gnu/4.6/crtbegin.o -L/usr/lib/gcc/i686-linux-gnu/4.6 -L/usr/lib/gcc/i686-linux-gnu/4.6/../../../i386-linux-gnu -L/usr/lib/gcc/i686-linux-gnu/4.6/../../../../lib -L/lib/i386-linux-gnu -L/lib/../lib -L/usr/lib/i386-linux-gnu -L/usr/lib/../lib -L/usr/lib/gcc/i686-linux-gnu/4.6/../../.. CMakeFiles/cmTryCompileExec3592441442.dir/CMakeCCompilerABI.c.o -lgcc --as-needed -lgcc_s --no-as-needed -lc -lgcc --as-needed -lgcc_s --no-as-needed /usr/lib/gcc/i686-linux-gnu/4.6/crtend.o /usr/lib/gcc/i686-linux-gnu/4.6/../../../i386-linux-gnu/crtn.o
make[1]: uscita dalla directory "/home/giacomo/sviluppo/LoopCloserRGBD/sure-3d-features/CMakeFiles/CMakeTmp"


Parsed C implicit link information from above output:
  link line regex: [^( *|.*[/\])(ld|ld|collect2)[^/\]*( |$)]
  ignore line: [Change Dir: /home/giacomo/sviluppo/LoopCloserRGBD/sure-3d-features/CMakeFiles/CMakeTmp]
  ignore line: []
  ignore line: [Run Build Command:/usr/bin/make "cmTryCompileExec3592441442/fast"]
  ignore line: [/usr/bin/make -f CMakeFiles/cmTryCompileExec3592441442.dir/build.make CMakeFiles/cmTryCompileExec3592441442.dir/build]
  ignore line: [make[1]: ingresso nella directory "/home/giacomo/sviluppo/LoopCloserRGBD/sure-3d-features/CMakeFiles/CMakeTmp"]
  ignore line: [/usr/bin/cmake -E cmake_progress_report /home/giacomo/sviluppo/LoopCloserRGBD/sure-3d-features/CMakeFiles/CMakeTmp/CMakeFiles 1]
  ignore line: [Building C object CMakeFiles/cmTryCompileExec3592441442.dir/CMakeCCompilerABI.c.o]
  ignore line: [/usr/bin/ccache  gcc   -o CMakeFiles/cmTryCompileExec3592441442.dir/CMakeCCompilerABI.c.o   -c /usr/share/cmake-2.8/Modules/CMakeCCompilerABI.c]
  ignore line: [Linking C executable cmTryCompileExec3592441442]
  ignore line: [/usr/bin/cmake -E cmake_link_script CMakeFiles/cmTryCompileExec3592441442.dir/link.txt --verbose=1]
  ignore line: [/usr/bin/ccache  gcc      -v CMakeFiles/cmTryCompileExec3592441442.dir/CMakeCCompilerABI.c.o  -o cmTryCompileExec3592441442 -rdynamic  ]
  ignore line: [Using built-in specs.]
  ignore line: [COLLECT_GCC=/usr/bin/gcc]
  ignore line: [COLLECT_LTO_WRAPPER=/usr/lib/gcc/i686-linux-gnu/4.6/lto-wrapper]
  ignore line: [Target: i686-linux-gnu]
  ignore line: [Configured with: ../src/configure -v --with-pkgversion='Ubuntu/Linaro 4.6.4-1ubuntu1~12.04' --with-bugurl=file:///usr/share/doc/gcc-4.6/README.Bugs --enable-languages=c,c++,fortran,objc,obj-c++ --prefix=/usr --program-suffix=-4.6 --enable-shared --enable-linker-build-id --with-system-zlib --libexecdir=/usr/lib --without-included-gettext --enable-threads=posix --with-gxx-include-dir=/usr/include/c++/4.6 --libdir=/usr/lib --enable-nls --with-sysroot=/ --enable-clocale=gnu --enable-libstdcxx-debug --enable-libstdcxx-time=yes --enable-gnu-unique-object --enable-plugin --enable-objc-gc --enable-targets=all --disable-werror --with-arch-32=i686 --with-tune=generic --enable-checking=release --build=i686-linux-gnu --host=i686-linux-gnu --target=i686-linux-gnu]
  ignore line: [Thread model: posix]
  ignore line: [gcc version 4.6.4 (Ubuntu/Linaro 4.6.4-1ubuntu1~12.04) ]
  ignore line: [COMPILER_PATH=/usr/lib/gcc/i686-linux-gnu/4.6/:/usr/lib/gcc/i686-linux-gnu/4.6/:/usr/lib/gcc/i686-linux-gnu/:/usr/lib/gcc/i686-linux-gnu/4.6/:/usr/lib/gcc/i686-linux-gnu/]
  ignore line: [LIBRARY_PATH=/usr/lib/gcc/i686-linux-gnu/4.6/:/usr/lib/gcc/i686-linux-gnu/4.6/../../../i386-linux-gnu/:/usr/lib/gcc/i686-linux-gnu/4.6/../../../../lib/:/lib/i386-linux-gnu/:/lib/../lib/:/usr/lib/i386-linux-gnu/:/usr/lib/../lib/:/usr/lib/gcc/i686-linux-gnu/4.6/../../../:/lib/:/usr/lib/]
  ignore line: [COLLECT_GCC_OPTIONS='-v' '-o' 'cmTryCompileExec3592441442' '-rdynamic' '-mtune=generic' '-march=i686']
  link line: [ /usr/lib/gcc/i686-linux-gnu/4.6/collect2 --sysroot=/ --build-id --no-add-needed --as-needed --eh-frame-hdr -m elf_i386 --hash-style=gnu -export-dynamic -dynamic-linker /lib/ld-linux.so.2 -z relro -o cmTryCompileExec3592441442 /usr/lib/gcc/i686-linux-gnu/4.6/../../../i386-linux-gnu/crt1.o /usr/lib/gcc/i686-linux-gnu/4.6/../../../i386-linux-gnu/crti.o /usr/lib/gcc/i686-linux-gnu/4.6/crtbegin.o -L/usr/lib/gcc/i686-linux-gnu/4.6 -L/usr/lib/gcc/i686-linux-gnu/4.6/../../../i386-linux-gnu -L/usr/lib/gcc/i686-linux-gnu/4.6/../../../../lib -L/lib/i386-linux-gnu -L/lib/../lib -L/usr/lib/i386-linux-gnu -L/usr/lib/../lib -L/usr/lib/gcc/i686-linux-gnu/4.6/../../.. CMakeFiles/cmTryCompileExec3592441442.dir/CMakeCCompilerABI.c.o -lgcc --as-needed -lgcc_s --no-as-needed -lc -lgcc --as-needed -lgcc_s --no-as-needed /usr/lib/gcc/i686-linux-gnu/4.6/crtend.o /usr/lib/gcc/i686-linux-gnu/4.6/../../../i386-linux-gnu/crtn.o]
    arg [/usr/lib/gcc/i686-linux-gnu/4.6/collect2] ==> ignore
    arg [--sysroot=/] ==> ignore
    arg [--build-id] ==> ignore
    arg [--no-add-needed] ==> ignore
    arg [--as-needed] ==> ignore
    arg [--eh-frame-hdr] ==> ignore
    arg [-m] ==> ignore
    arg [elf_i386] ==> ignore
    arg [--hash-style=gnu] ==> ignore
    arg [-export-dynamic] ==> ignore
    arg [-dynamic-linker] ==> ignore
    arg [/lib/ld-linux.so.2] ==> ignore
    arg [-zrelro] ==> ignore
    arg [-o] ==> ignore
    arg [cmTryCompileExec3592441442] ==> ignore
    arg [/usr/lib/gcc/i686-linux-gnu/4.6/../../../i386-linux-gnu/crt1.o] ==> ignore
    arg [/usr/lib/gcc/i686-linux-gnu/4.6/../../../i386-linux-gnu/crti.o] ==> ignore
    arg [/usr/lib/gcc/i686-linux-gnu/4.6/crtbegin.o] ==> ignore
    arg [-L/usr/lib/gcc/i686-linux-gnu/4.6] ==> dir [/usr/lib/gcc/i686-linux-gnu/4.6]
    arg [-L/usr/lib/gcc/i686-linux-gnu/4.6/../../../i386-linux-gnu] ==> dir [/usr/lib/gcc/i686-linux-gnu/4.6/../../../i386-linux-gnu]
    arg [-L/usr/lib/gcc/i686-linux-gnu/4.6/../../../../lib] ==> dir [/usr/lib/gcc/i686-linux-gnu/4.6/../../../../lib]
    arg [-L/lib/i386-linux-gnu] ==> dir [/lib/i386-linux-gnu]
    arg [-L/lib/../lib] ==> dir [/lib/../lib]
    arg [-L/usr/lib/i386-linux-gnu] ==> dir [/usr/lib/i386-linux-gnu]
    arg [-L/usr/lib/../lib] ==> dir [/usr/lib/../lib]
    arg [-L/usr/lib/gcc/i686-linux-gnu/4.6/../../..] ==> dir [/usr/lib/gcc/i686-linux-gnu/4.6/../../..]
    arg [CMakeFiles/cmTryCompileExec3592441442.dir/CMakeCCompilerABI.c.o] ==> ignore
    arg [-lgcc] ==> lib [gcc]
    arg [--as-needed] ==> ignore
    arg [-lgcc_s] ==> lib [gcc_s]
    arg [--no-as-needed] ==> ignore
    arg [-lc] ==> lib [c]
    arg [-lgcc] ==> lib [gcc]
    arg [--as-needed] ==> ignore
    arg [-lgcc_s] ==> lib [gcc_s]
    arg [--no-as-needed] ==> ignore
    arg [/usr/lib/gcc/i686-linux-gnu/4.6/crtend.o] ==> ignore
    arg [/usr/lib/gcc/i686-linux-gnu/4.6/../../../i386-linux-gnu/crtn.o] ==> ignore
  remove lib [gcc]
  remove lib [gcc_s]
  remove lib [gcc]
  remove lib [gcc_s]
  collapse dir [/usr/lib/gcc/i686-linux-gnu/4.6] ==> [/usr/lib/gcc/i686-linux-gnu/4.6]
  collapse dir [/usr/lib/gcc/i686-linux-gnu/4.6/../../../i386-linux-gnu] ==> [/usr/lib/i386-linux-gnu]
  collapse dir [/usr/lib/gcc/i686-linux-gnu/4.6/../../../../lib] ==> [/usr/lib]
  collapse dir [/lib/i386-linux-gnu] ==> [/lib/i386-linux-gnu]
  collapse dir [/lib/../lib] ==> [/lib]
  collapse dir [/usr/lib/i386-linux-gnu] ==> [/usr/lib/i386-linux-gnu]
  collapse dir [/usr/lib/../lib] ==> [/usr/lib]
  collapse dir [/usr/lib/gcc/i686-linux-gnu/4.6/../../..] ==> [/usr/lib]
  implicit libs: [c]
  implicit dirs: [/usr/lib/gcc/i686-linux-gnu/4.6;/usr/lib/i386-linux-gnu;/usr/lib;/lib/i386-linux-gnu;/lib]


Determining if the CXX compiler works passed with the following output:
Change Dir: /home/giacomo/sviluppo/LoopCloserRGBD/sure-3d-features/CMakeFiles/CMakeTmp

Run Build Command:/usr/bin/make "cmTryCompileExec1131306516/fast"
/usr/bin/make -f CMakeFiles/cmTryCompileExec1131306516.dir/build.make CMakeFiles/cmTryCompileExec1131306516.dir/build
make[1]: ingresso nella directory "/home/giacomo/sviluppo/LoopCloserRGBD/sure-3d-features/CMakeFiles/CMakeTmp"
/usr/bin/cmake -E cmake_progress_report /home/giacomo/sviluppo/LoopCloserRGBD/sure-3d-features/CMakeFiles/CMakeTmp/CMakeFiles 1
Building CXX object CMakeFiles/cmTryCompileExec1131306516.dir/testCXXCompiler.cxx.o
/usr/bin/ccache  g++    -o CMakeFiles/cmTryCompileExec1131306516.dir/testCXXCompiler.cxx.o -c /home/giacomo/sviluppo/LoopCloserRGBD/sure-3d-features/CMakeFiles/CMakeTmp/testCXXCompiler.cxx
Linking CXX executable cmTryCompileExec1131306516
/usr/bin/cmake -E cmake_link_script CMakeFiles/cmTryCompileExec1131306516.dir/link.txt --verbose=1
/usr/bin/ccache  g++         CMakeFiles/cmTryCompileExec1131306516.dir/testCXXCompiler.cxx.o  -o cmTryCompileExec1131306516 -rdynamic 
make[1]: uscita dalla directory "/home/giacomo/sviluppo/LoopCloserRGBD/sure-3d-features/CMakeFiles/CMakeTmp"


Detecting CXX compiler ABI info compiled with the following output:
Change Dir: /home/giacomo/sviluppo/LoopCloserRGBD/sure-3d-features/CMakeFiles/CMakeTmp

Run Build Command:/usr/bin/make "cmTryCompileExec2145249970/fast"
/usr/bin/make -f CMakeFiles/cmTryCompileExec2145249970.dir/build.make CMakeFiles/cmTryCompileExec2145249970.dir/build
make[1]: ingresso nella directory "/home/giacomo/sviluppo/LoopCloserRGBD/sure-3d-features/CMakeFiles/CMakeTmp"
/usr/bin/cmake -E cmake_progress_report /home/giacomo/sviluppo/LoopCloserRGBD/sure-3d-features/CMakeFiles/CMakeTmp/CMakeFiles 1
Building CXX object CMakeFiles/cmTryCompileExec2145249970.dir/CMakeCXXCompilerABI.cpp.o
/usr/bin/ccache  g++    -o CMakeFiles/cmTryCompileExec2145249970.dir/CMakeCXXCompilerABI.cpp.o -c /usr/share/cmake-2.8/Modules/CMakeCXXCompilerABI.cpp
Linking CXX executable cmTryCompileExec2145249970
/usr/bin/cmake -E cmake_link_script CMakeFiles/cmTryCompileExec2145249970.dir/link.txt --verbose=1
/usr/bin/ccache  g++       -v CMakeFiles/cmTryCompileExec2145249970.dir/CMakeCXXCompilerABI.cpp.o  -o cmTryCompileExec2145249970 -rdynamic  
Using built-in specs.
COLLECT_GCC=/usr/bin/g++
COLLECT_LTO_WRAPPER=/usr/lib/gcc/i686-linux-gnu/4.6/lto-wrapper
Target: i686-linux-gnu
Configured with: ../src/configure -v --with-pkgversion='Ubuntu/Linaro 4.6.4-1ubuntu1~12.04' --with-bugurl=file:///usr/share/doc/gcc-4.6/README.Bugs --enable-languages=c,c++,fortran,objc,obj-c++ --prefix=/usr --program-suffix=-4.6 --enable-shared --enable-linker-build-id --with-system-zlib --libexecdir=/usr/lib --without-included-gettext --enable-threads=posix --with-gxx-include-dir=/usr/include/c++/4.6 --libdir=/usr/lib --enable-nls --with-sysroot=/ --enable-clocale=gnu --enable-libstdcxx-debug --enable-libstdcxx-time=yes --enable-gnu-unique-object --enable-plugin --enable-objc-gc --enable-targets=all --disable-werror --with-arch-32=i686 --with-tune=generic --enable-checking=release --build=i686-linux-gnu --host=i686-linux-gnu --target=i686-linux-gnu
Thread model: posix
gcc version 4.6.4 (Ubuntu/Linaro 4.6.4-1ubuntu1~12.04) 
COMPILER_PATH=/usr/lib/gcc/i686-linux-gnu/4.6/:/usr/lib/gcc/i686-linux-gnu/4.6/:/usr/lib/gcc/i686-linux-gnu/:/usr/lib/gcc/i686-linux-gnu/4.6/:/usr/lib/gcc/i686-linux-gnu/
LIBRARY_PATH=/usr/lib/gcc/i686-linux-gnu/4.6/:/usr/lib/gcc/i686-linux-gnu/4.6/../../../i386-linux-gnu/:/usr/lib/gcc/i686-linux-gnu/4.6/../../../../lib/:/lib/i386-linux-gnu/:/lib/../lib/:/usr/lib/i386-linux-gnu/:/usr/lib/../lib/:/usr/lib/gcc/i686-linux-gnu/4.6/../../../:/lib/:/usr/lib/
COLLECT_GCC_OPTIONS='-v' '-o' 'cmTryCompileExec2145249970' '-rdynamic' '-shared-libgcc' '-mtune=generic' '-march=i686'
 /usr/lib/gcc/i686-linux-gnu/4.6/collect2 --sysroot=/ --build-id --no-add-needed --as-needed --eh-frame-hdr -m elf_i386 --hash-style=gnu -export-dynamic -dynamic-linker /lib/ld-linux.so.2 -z relro -o cmTryCompileExec2145249970 /usr/lib/gcc/i686-linux-gnu/4.6/../../../i386-linux-gnu/crt1.o /usr/lib/gcc/i686-linux-gnu/4.6/../../../i386-linux-gnu/crti.o /usr/lib/gcc/i686-linux-gnu/4.6/crtbegin.o -L/usr/lib/gcc/i686-linux-gnu/4.6 -L/usr/lib/gcc/i686-linux-gnu/4.6/../../../i386-linux-gnu -L/usr/lib/gcc/i686-linux-gnu/4.6/../../../../lib -L/lib/i386-linux-gnu -L/lib/../lib -L/usr/lib/i386-linux-gnu -L/usr/lib/../lib -L/usr/lib/gcc/i686-linux-gnu/4.6/../../.. CMakeFiles/cmTryCompileExec2145249970.dir/CMakeCXXCompilerABI.cpp.o -lstdc++ -lm -lgcc_s -lgcc -lc -lgcc_s -lgcc /usr/lib/gcc/i686-linux-gnu/4.6/crtend.o /usr/lib/gcc/i686-linux-gnu/4.6/../../../i386-linux-gnu/crtn.o
make[1]: uscita dalla directory "/home/giacomo/sviluppo/LoopCloserRGBD/sure-3d-features/CMakeFiles/CMakeTmp"


Parsed CXX implicit link information from above output:
  link line regex: [^( *|.*[/\])(ld|ld|collect2)[^/\]*( |$)]
  ignore line: [Change Dir: /home/giacomo/sviluppo/LoopCloserRGBD/sure-3d-features/CMakeFiles/CMakeTmp]
  ignore line: []
  ignore line: [Run Build Command:/usr/bin/make "cmTryCompileExec2145249970/fast"]
  ignore line: [/usr/bin/make -f CMakeFiles/cmTryCompileExec2145249970.dir/build.make CMakeFiles/cmTryCompileExec2145249970.dir/build]
  ignore line: [make[1]: ingresso nella directory "/home/giacomo/sviluppo/LoopCloserRGBD/sure-3d-features/CMakeFiles/CMakeTmp"]
  ignore line: [/usr/bin/cmake -E cmake_progress_report /home/giacomo/sviluppo/LoopCloserRGBD/sure-3d-features/CMakeFiles/CMakeTmp/CMakeFiles 1]
  ignore line: [Building CXX object CMakeFiles/cmTryCompileExec2145249970.dir/CMakeCXXCompilerABI.cpp.o]
  ignore line: [/usr/bin/ccache  g++    -o CMakeFiles/cmTryCompileExec2145249970.dir/CMakeCXXCompilerABI.cpp.o -c /usr/share/cmake-2.8/Modules/CMakeCXXCompilerABI.cpp]
  ignore line: [Linking CXX executable cmTryCompileExec2145249970]
  ignore line: [/usr/bin/cmake -E cmake_link_script CMakeFiles/cmTryCompileExec2145249970.dir/link.txt --verbose=1]
  ignore line: [/usr/bin/ccache  g++       -v CMakeFiles/cmTryCompileExec2145249970.dir/CMakeCXXCompilerABI.cpp.o  -o cmTryCompileExec2145249970 -rdynamic  ]
  ignore line: [Using built-in specs.]
  ignore line: [COLLECT_GCC=/usr/bin/g++]
  ignore line: [COLLECT_LTO_WRAPPER=/usr/lib/gcc/i686-linux-gnu/4.6/lto-wrapper]
  ignore line: [Target: i686-linux-gnu]
  ignore line: [Configured with: ../src/configure -v --with-pkgversion='Ubuntu/Linaro 4.6.4-1ubuntu1~12.04' --with-bugurl=file:///usr/share/doc/gcc-4.6/README.Bugs --enable-languages=c,c++,fortran,objc,obj-c++ --prefix=/usr --program-suffix=-4.6 --enable-shared --enable-linker-build-id --with-system-zlib --libexecdir=/usr/lib --without-included-gettext --enable-threads=posix --with-gxx-include-dir=/usr/include/c++/4.6 --libdir=/usr/lib --enable-nls --with-sysroot=/ --enable-clocale=gnu --enable-libstdcxx-debug --enable-libstdcxx-time=yes --enable-gnu-unique-object --enable-plugin --enable-objc-gc --enable-targets=all --disable-werror --with-arch-32=i686 --with-tune=generic --enable-checking=release --build=i686-linux-gnu --host=i686-linux-gnu --target=i686-linux-gnu]
  ignore line: [Thread model: posix]
  ignore line: [gcc version 4.6.4 (Ubuntu/Linaro 4.6.4-1ubuntu1~12.04) ]
  ignore line: [COMPILER_PATH=/usr/lib/gcc/i686-linux-gnu/4.6/:/usr/lib/gcc/i686-linux-gnu/4.6/:/usr/lib/gcc/i686-linux-gnu/:/usr/lib/gcc/i686-linux-gnu/4.6/:/usr/lib/gcc/i686-linux-gnu/]
  ignore line: [LIBRARY_PATH=/usr/lib/gcc/i686-linux-gnu/4.6/:/usr/lib/gcc/i686-linux-gnu/4.6/../../../i386-linux-gnu/:/usr/lib/gcc/i686-linux-gnu/4.6/../../../../lib/:/lib/i386-linux-gnu/:/lib/../lib/:/usr/lib/i386-linux-gnu/:/usr/lib/../lib/:/usr/lib/gcc/i686-linux-gnu/4.6/../../../:/lib/:/usr/lib/]
  ignore line: [COLLECT_GCC_OPTIONS='-v' '-o' 'cmTryCompileExec2145249970' '-rdynamic' '-shared-libgcc' '-mtune=generic' '-march=i686']
  link line: [ /usr/lib/gcc/i686-linux-gnu/4.6/collect2 --sysroot=/ --build-id --no-add-needed --as-needed --eh-frame-hdr -m elf_i386 --hash-style=gnu -export-dynamic -dynamic-linker /lib/ld-linux.so.2 -z relro -o cmTryCompileExec2145249970 /usr/lib/gcc/i686-linux-gnu/4.6/../../../i386-linux-gnu/crt1.o /usr/lib/gcc/i686-linux-gnu/4.6/../../../i386-linux-gnu/crti.o /usr/lib/gcc/i686-linux-gnu/4.6/crtbegin.o -L/usr/lib/gcc/i686-linux-gnu/4.6 -L/usr/lib/gcc/i686-linux-gnu/4.6/../../../i386-linux-gnu -L/usr/lib/gcc/i686-linux-gnu/4.6/../../../../lib -L/lib/i386-linux-gnu -L/lib/../lib -L/usr/lib/i386-linux-gnu -L/usr/lib/../lib -L/usr/lib/gcc/i686-linux-gnu/4.6/../../.. CMakeFiles/cmTryCompileExec2145249970.dir/CMakeCXXCompilerABI.cpp.o -lstdc++ -lm -lgcc_s -lgcc -lc -lgcc_s -lgcc /usr/lib/gcc/i686-linux-gnu/4.6/crtend.o /usr/lib/gcc/i686-linux-gnu/4.6/../../../i386-linux-gnu/crtn.o]
    arg [/usr/lib/gcc/i686-linux-gnu/4.6/collect2] ==> ignore
    arg [--sysroot=/] ==> ignore
    arg [--build-id] ==> ignore
    arg [--no-add-needed] ==> ignore
    arg [--as-needed] ==> ignore
    arg [--eh-frame-hdr] ==> ignore
    arg [-m] ==> ignore
    arg [elf_i386] ==> ignore
    arg [--hash-style=gnu] ==> ignore
    arg [-export-dynamic] ==> ignore
    arg [-dynamic-linker] ==> ignore
    arg [/lib/ld-linux.so.2] ==> ignore
    arg [-zrelro] ==> ignore
    arg [-o] ==> ignore
    arg [cmTryCompileExec2145249970] ==> ignore
    arg [/usr/lib/gcc/i686-linux-gnu/4.6/../../../i386-linux-gnu/crt1.o] ==> ignore
    arg [/usr/lib/gcc/i686-linux-gnu/4.6/../../../i386-linux-gnu/crti.o] ==> ignore
    arg [/usr/lib/gcc/i686-linux-gnu/4.6/crtbegin.o] ==> ignore
    arg [-L/usr/lib/gcc/i686-linux-gnu/4.6] ==> dir [/usr/lib/gcc/i686-linux-gnu/4.6]
    arg [-L/usr/lib/gcc/i686-linux-gnu/4.6/../../../i386-linux-gnu] ==> dir [/usr/lib/gcc/i686-linux-gnu/4.6/../../../i386-linux-gnu]
    arg [-L/usr/lib/gcc/i686-linux-gnu/4.6/../../../../lib] ==> dir [/usr/lib/gcc/i686-linux-gnu/4.6/../../../../lib]
    arg [-L/lib/i386-linux-gnu] ==> dir [/lib/i386-linux-gnu]
    arg [-L/lib/../lib] ==> dir [/lib/../lib]
    arg [-L/usr/lib/i386-linux-gnu] ==> dir [/usr/lib/i386-linux-gnu]
    arg [-L/usr/lib/../lib] ==> dir [/usr/lib/../lib]
    arg [-L/usr/lib/gcc/i686-linux-gnu/4.6/../../..] ==> dir [/usr/lib/gcc/i686-linux-gnu/4.6/../../..]
    arg [CMakeFiles/cmTryCompileExec2145249970.dir/CMakeCXXCompilerABI.cpp.o] ==> ignore
    arg [-lstdc++] ==> lib [stdc++]
    arg [-lm] ==> lib [m]
    arg [-lgcc_s] ==> lib [gcc_s]
    arg [-lgcc] ==> lib [gcc]
    arg [-lc] ==> lib [c]
    arg [-lgcc_s] ==> lib [gcc_s]
    arg [-lgcc] ==> lib [gcc]
    arg [/usr/lib/gcc/i686-linux-gnu/4.6/crtend.o] ==> ignore
    arg [/usr/lib/gcc/i686-linux-gnu/4.6/../../../i386-linux-gnu/crtn.o] ==> ignore
  remove lib [gcc_s]
  remove lib [gcc]
  remove lib [gcc_s]
  remove lib [gcc]
  collapse dir [/usr/lib/gcc/i686-linux-gnu/4.6] ==> [/usr/lib/gcc/i686-linux-gnu/4.6]
  collapse dir [/usr/lib/gcc/i686-linux-gnu/4.6/../../../i386-linux-gnu] ==> [/usr/lib/i386-linux-gnu]
  collapse dir [/usr/lib/gcc/i686-linux-gnu/4.6/../../../../lib] ==> [/usr/lib]
  collapse dir [/lib/i386-linux-gnu] ==> [/lib/i386-linux-gnu]
  collapse dir [/lib/../lib] ==> [/lib]
  collapse dir [/usr/lib/i386-linux-gnu] ==> [/usr/lib/i386-linux-gnu]
  collapse dir [/usr/lib/../lib] ==> [/usr/lib]
  collapse dir [/usr/lib/gcc/i686-linux-gnu/4.6/../../..] ==> [/usr/lib]
  implicit libs: [stdc++;m;c]
  implicit dirs: [/usr/lib/gcc/i686-linux-gnu/4.6;/usr/lib/i386-linux-gnu;/usr/lib;/lib/i386-linux-gnu;/lib]


Performing C SOURCE FILE Test OpenMP_FLAG_DETECTED succeded with the following output:
Change Dir: /home/giacomo/sviluppo/LoopCloserRGBD/sure-3d-features/CMakeFiles/CMakeTmp

Run Build Command:/usr/bin/make "cmTryCompileExec3511855384/fast"
/usr/bin/make -f CMakeFiles/cmTryCompileExec3511855384.dir/build.make CMakeFiles/cmTryCompileExec3511855384.dir/build
make[1]: ingresso nella directory "/home/giacomo/sviluppo/LoopCloserRGBD/sure-3d-features/CMakeFiles/CMakeTmp"
/usr/bin/cmake -E cmake_progress_report /home/giacomo/sviluppo/LoopCloserRGBD/sure-3d-features/CMakeFiles/CMakeTmp/CMakeFiles 1
Building C object CMakeFiles/cmTryCompileExec3511855384.dir/src.c.o
/usr/bin/ccache  gcc  -DOpenMP_FLAG_DETECTED -fopenmp   -o CMakeFiles/cmTryCompileExec3511855384.dir/src.c.o   -c /home/giacomo/sviluppo/LoopCloserRGBD/sure-3d-features/CMakeFiles/CMakeTmp/src.c
Linking C executable cmTryCompileExec3511855384
/usr/bin/cmake -E cmake_link_script CMakeFiles/cmTryCompileExec3511855384.dir/link.txt --verbose=1
/usr/bin/ccache  gcc     -DOpenMP_FLAG_DETECTED -fopenmp    CMakeFiles/cmTryCompileExec3511855384.dir/src.c.o  -o cmTryCompileExec3511855384 -rdynamic 
make[1]: uscita dalla directory "/home/giacomo/sviluppo/LoopCloserRGBD/sure-3d-features/CMakeFiles/CMakeTmp"

Source file was:

#include <omp.h>
int main() { 
#ifdef _OPENMP
  return 0; 
#else
  breaks_on_purpose
#endif
}

Performing C++ SOURCE FILE Test OpenMP_FLAG_DETECTED succeded with the following output:
Change Dir: /home/giacomo/sviluppo/LoopCloserRGBD/sure-3d-features/CMakeFiles/CMakeTmp

Run Build Command:/usr/bin/make "cmTryCompileExec1875729253/fast"
/usr/bin/make -f CMakeFiles/cmTryCompileExec1875729253.dir/build.make CMakeFiles/cmTryCompileExec1875729253.dir/build
make[1]: ingresso nella directory "/home/giacomo/sviluppo/LoopCloserRGBD/sure-3d-features/CMakeFiles/CMakeTmp"
/usr/bin/cmake -E cmake_progress_report /home/giacomo/sviluppo/LoopCloserRGBD/sure-3d-features/CMakeFiles/CMakeTmp/CMakeFiles 1
Building CXX object CMakeFiles/cmTryCompileExec1875729253.dir/src.cxx.o
/usr/bin/ccache  g++   -Wno-deprecated  -DOpenMP_FLAG_DETECTED -fopenmp   -o CMakeFiles/cmTryCompileExec1875729253.dir/src.cxx.o -c /home/giacomo/sviluppo/LoopCloserRGBD/sure-3d-features/CMakeFiles/CMakeTmp/src.cxx
Linking CXX executable cmTryCompileExec1875729253
/usr/bin/cmake -E cmake_link_script CMakeFiles/cmTryCompileExec1875729253.dir/link.txt --verbose=1
/usr/bin/ccache  g++     -Wno-deprecated  -DOpenMP_FLAG_DETECTED -fopenmp    CMakeFiles/cmTryCompileExec1875729253.dir/src.cxx.o  -o cmTryCompileExec1875729253 -rdynamic 
make[1]: uscita dalla directory "/home/giacomo/sviluppo/LoopCloserRGBD/sure-3d-features/CMakeFiles/CMakeTmp"

Source file was:

#include <omp.h>
int main() { 
#ifdef _OPENMP
  return 0; 
#else
  breaks_on_purpose
#endif
}

Performing C++ SOURCE FILE Test HAVE_MM_MALLOC succeded with the following output:
Change Dir: /home/giacomo/sviluppo/LoopCloserRGBD/sure-3d-features/CMakeFiles/CMakeTmp

Run Build Command:/usr/bin/make "cmTryCompileExec3538715395/fast"
/usr/bin/make -f CMakeFiles/cmTryCompileExec3538715395.dir/build.make CMakeFiles/cmTryCompileExec3538715395.dir/build
make[1]: ingresso nella directory "/home/giacomo/sviluppo/LoopCloserRGBD/sure-3d-features/CMakeFiles/CMakeTmp"
/usr/bin/cmake -E cmake_progress_report /home/giacomo/sviluppo/LoopCloserRGBD/sure-3d-features/CMakeFiles/CMakeTmp/CMakeFiles 1
Building CXX object CMakeFiles/cmTryCompileExec3538715395.dir/src.cxx.o
/usr/bin/ccache  g++   -Wno-deprecated  -DHAVE_MM_MALLOC   -o CMakeFiles/cmTryCompileExec3538715395.dir/src.cxx.o -c /home/giacomo/sviluppo/LoopCloserRGBD/sure-3d-features/CMakeFiles/CMakeTmp/src.cxx
Linking CXX executable cmTryCompileExec3538715395
/usr/bin/cmake -E cmake_link_script CMakeFiles/cmTryCompileExec3538715395.dir/link.txt --verbose=1
/usr/bin/ccache  g++     -Wno-deprecated  -DHAVE_MM_MALLOC    CMakeFiles/cmTryCompileExec3538715395.dir/src.cxx.o  -o cmTryCompileExec3538715395 -rdynamic 
make[1]: uscita dalla directory "/home/giacomo/sviluppo/LoopCloserRGBD/sure-3d-features/CMakeFiles/CMakeTmp"

Return value: 1
Source file was:

          #include <mm_malloc.h>
          int main()
          {
            void* mem = _mm_malloc (100, 16);
            return 0;
          }
Performing C++ SOURCE FILE Test HAVE_POSIX_MEMALIGN succeded with the following output:
Change Dir: /home/giacomo/sviluppo/LoopCloserRGBD/sure-3d-features/CMakeFiles/CMakeTmp

Run Build Command:/usr/bin/make "cmTryCompileExec4060749425/fast"
/usr/bin/make -f CMakeFiles/cmTryCompileExec4060749425.dir/build.make CMakeFiles/cmTryCompileExec4060749425.dir/build
make[1]: ingresso nella directory "/home/giacomo/sviluppo/LoopCloserRGBD/sure-3d-features/CMakeFiles/CMakeTmp"
/usr/bin/cmake -E cmake_progress_report /home/giacomo/sviluppo/LoopCloserRGBD/sure-3d-features/CMakeFiles/CMakeTmp/CMakeFiles 1
Building CXX object CMakeFiles/cmTryCompileExec4060749425.dir/src.cxx.o
/usr/bin/ccache  g++   -Wno-deprecated  -DHAVE_POSIX_MEMALIGN   -o CMakeFiles/cmTryCompileExec4060749425.dir/src.cxx.o -c /home/giacomo/sviluppo/LoopCloserRGBD/sure-3d-features/CMakeFiles/CMakeTmp/src.cxx
Linking CXX executable cmTryCompileExec4060749425
/usr/bin/cmake -E cmake_link_script CMakeFiles/cmTryCompileExec4060749425.dir/link.txt --verbose=1
/usr/bin/ccache  g++     -Wno-deprecated  -DHAVE_POSIX_MEMALIGN    CMakeFiles/cmTryCompileExec4060749425.dir/src.cxx.o  -o cmTryCompileExec4060749425 -rdynamic 
make[1]: uscita dalla directory "/home/giacomo/sviluppo/LoopCloserRGBD/sure-3d-features/CMakeFiles/CMakeTmp"

Return value: 1
Source file was:

          #include <stdlib.h>
          int main()
          {
            void* mem;
            return posix_memalign (&mem, 16, 100);
          }
Performing C++ SOURCE FILE Test HAVE_SSE3_EXTENSIONS succeded with the following output:
Change Dir: /home/giacomo/sviluppo/LoopCloserRGBD/sure-3d-features/CMakeFiles/CMakeTmp

Run Build Command:/usr/bin/make "cmTryCompileExec2436423319/fast"
/usr/bin/make -f CMakeFiles/cmTryCompileExec2436423319.dir/build.make CMakeFiles/cmTryCompileExec2436423319.dir/build
make[1]: ingresso nella directory "/home/giacomo/sviluppo/LoopCloserRGBD/sure-3d-features/CMakeFiles/CMakeTmp"
/usr/bin/cmake -E cmake_progress_report /home/giacomo/sviluppo/LoopCloserRGBD/sure-3d-features/CMakeFiles/CMakeTmp/CMakeFiles 1
Building CXX object CMakeFiles/cmTryCompileExec2436423319.dir/src.cxx.o
/usr/bin/ccache  g++   -Wno-deprecated  -DHAVE_SSE3_EXTENSIONS -msse3   -o CMakeFiles/cmTryCompileExec2436423319.dir/src.cxx.o -c /home/giacomo/sviluppo/LoopCloserRGBD/sure-3d-features/CMakeFiles/CMakeTmp/src.cxx
Linking CXX executable cmTryCompileExec2436423319
/usr/bin/cmake -E cmake_link_script CMakeFiles/cmTryCompileExec2436423319.dir/link.txt --verbose=1
/usr/bin/ccache  g++     -Wno-deprecated  -DHAVE_SSE3_EXTENSIONS -msse3    CMakeFiles/cmTryCompileExec2436423319.dir/src.cxx.o  -o cmTryCompileExec2436423319 -rdynamic 
make[1]: uscita dalla directory "/home/giacomo/sviluppo/LoopCloserRGBD/sure-3d-features/CMakeFiles/CMakeTmp"

Return value: 1
Source file was:

          #include <pmmintrin.h>
          int main()
          {
              __m128d a, b;
              double vals[2] = {0};
              a = _mm_loadu_pd(vals);
              b = _mm_hadd_pd(a,a);
              _mm_storeu_pd(vals, b);
              return 0;
          }
Performing C++ SOURCE FILE Test HAVE_SSE2_EXTENSIONS succeded with the following output:
Change Dir: /home/giacomo/sviluppo/LoopCloserRGBD/sure-3d-features/CMakeFiles/CMakeTmp

Run Build Command:/usr/bin/make "cmTryCompileExec2642630870/fast"
/usr/bin/make -f CMakeFiles/cmTryCompileExec2642630870.dir/build.make CMakeFiles/cmTryCompileExec2642630870.dir/build
make[1]: ingresso nella directory "/home/giacomo/sviluppo/LoopCloserRGBD/sure-3d-features/CMakeFiles/CMakeTmp"
/usr/bin/cmake -E cmake_progress_report /home/giacomo/sviluppo/LoopCloserRGBD/sure-3d-features/CMakeFiles/CMakeTmp/CMakeFiles 1
Building CXX object CMakeFiles/cmTryCompileExec2642630870.dir/src.cxx.o
/usr/bin/ccache  g++   -Wno-deprecated  -DHAVE_SSE2_EXTENSIONS -msse2   -o CMakeFiles/cmTryCompileExec2642630870.dir/src.cxx.o -c /home/giacomo/sviluppo/LoopCloserRGBD/sure-3d-features/CMakeFiles/CMakeTmp/src.cxx
Linking CXX executable cmTryCompileExec2642630870
/usr/bin/cmake -E cmake_link_script CMakeFiles/cmTryCompileExec2642630870.dir/link.txt --verbose=1
/usr/bin/ccache  g++     -Wno-deprecated  -DHAVE_SSE2_EXTENSIONS -msse2    CMakeFiles/cmTryCompileExec2642630870.dir/src.cxx.o  -o cmTryCompileExec2642630870 -rdynamic 
make[1]: uscita dalla directory "/home/giacomo/sviluppo/LoopCloserRGBD/sure-3d-features/CMakeFiles/CMakeTmp"

Return value: 1
Source file was:

          #include <emmintrin.h>
          int main()
          {
              __m128d a, b;
              double vals[2] = {0};
              a = _mm_loadu_pd(vals);
              b = _mm_add_pd(a,a);
              _mm_storeu_pd(vals,b);
              return 0;
          }
Performing C++ SOURCE FILE Test HAVE_SSE_EXTENSIONS succeded with the following output:
Change Dir: /home/giacomo/sviluppo/LoopCloserRGBD/sure-3d-features/CMakeFiles/CMakeTmp

Run Build Command:/usr/bin/make "cmTryCompileExec1901024780/fast"
/usr/bin/make -f CMakeFiles/cmTryCompileExec1901024780.dir/build.make CMakeFiles/cmTryCompileExec1901024780.dir/build
make[1]: ingresso nella directory "/home/giacomo/sviluppo/LoopCloserRGBD/sure-3d-features/CMakeFiles/CMakeTmp"
/usr/bin/cmake -E cmake_progress_report /home/giacomo/sviluppo/LoopCloserRGBD/sure-3d-features/CMakeFiles/CMakeTmp/CMakeFiles 1
Building CXX object CMakeFiles/cmTryCompileExec1901024780.dir/src.cxx.o
/usr/bin/ccache  g++   -Wno-deprecated  -DHAVE_SSE_EXTENSIONS -msse   -o CMakeFiles/cmTryCompileExec1901024780.dir/src.cxx.o -c /home/giacomo/sviluppo/LoopCloserRGBD/sure-3d-features/CMakeFiles/CMakeTmp/src.cxx
Linking CXX executable cmTryCompileExec1901024780
/usr/bin/cmake -E cmake_link_script CMakeFiles/cmTryCompileExec1901024780.dir/link.txt --verbose=1
/usr/bin/ccache  g++     -Wno-deprecated  -DHAVE_SSE_EXTENSIONS -msse    CMakeFiles/cmTryCompileExec1901024780.dir/src.cxx.o  -o cmTryCompileExec1901024780 -rdynamic 
make[1]: uscita dalla directory "/home/giacomo/sviluppo/LoopCloserRGBD/sure-3d-features/CMakeFiles/CMakeTmp"

Return value: 1
Source file was:

          #include <xmmintrin.h>
          int main()
          {
              __m128 a, b;
              float vals[4] = {0};
              a = _mm_loadu_ps(vals);
              b = a;
              b = _mm_add_ps(a,b);
              _mm_storeu_ps(vals,b);
              return 0;
          }
